<?xml version="1.0" encoding="UTF-8"?>
<testng-results ignored="0" total="3" passed="3" failed="0" skipped="0">
  <reporter-output>
  </reporter-output>
  <suite started-at="2026-04-19T22:22:40 IST" name="Default suite" finished-at="2026-04-19T22:23:02 IST" duration-ms="21257">
    <groups>
    </groups>
    <test started-at="2026-04-19T22:22:40 IST" name="Default test" finished-at="2026-04-19T22:23:02 IST" duration-ms="21257">
      <class name="com.test.softassert_demo">
        <test-method is-config="true" signature="beforeTest()[pri:0, instance:com.test.softassert_demo@48f2bd5b]" started-at="2026-04-19T22:22:40 IST" name="beforeTest" finished-at="2026-04-19T22:22:48 IST" duration-ms="7886" status="PASS">
          <reporter-output>
          </reporter-output>
        </test-method> <!-- beforeTest -->
        <test-method signature="invalidpassword()[pri:0, instance:com.test.softassert_demo@48f2bd5b]" started-at="2026-04-19T22:22:48 IST" name="invalidpassword" finished-at="2026-04-19T22:22:50 IST" duration-ms="1788" status="PASS">
          <reporter-output>
          </reporter-output>
        </test-method> <!-- invalidpassword -->
        <test-method is-config="true" signature="afterTest()[pri:0, instance:com.test.softassert_demo@48f2bd5b]" started-at="2026-04-19T22:22:50 IST" name="afterTest" finished-at="2026-04-19T22:22:50 IST" duration-ms="307" status="PASS">
          <reporter-output>
          </reporter-output>
        </test-method> <!-- afterTest -->
        <test-method is-config="true" signature="beforeTest()[pri:0, instance:com.test.softassert_demo@48f2bd5b]" started-at="2026-04-19T22:22:50 IST" name="beforeTest" finished-at="2026-04-19T22:22:54 IST" duration-ms="3257" status="PASS">
          <reporter-output>
          </reporter-output>
        </test-method> <!-- beforeTest -->
        <test-method signature="invalidusername()[pri:0, instance:com.test.softassert_demo@48f2bd5b]" started-at="2026-04-19T22:22:54 IST" name="invalidusername" finished-at="2026-04-19T22:22:55 IST" duration-ms="1700" status="PASS">
          <reporter-output>
          </reporter-output>
        </test-method> <!-- invalidusername -->
        <test-method is-config="true" signature="afterTest()[pri:0, instance:com.test.softassert_demo@48f2bd5b]" started-at="2026-04-19T22:22:55 IST" name="afterTest" finished-at="2026-04-19T22:22:56 IST" duration-ms="231" status="PASS">
          <reporter-output>
          </reporter-output>
        </test-method> <!-- afterTest -->
        <test-method is-config="true" signature="beforeTest()[pri:0, instance:com.test.softassert_demo@48f2bd5b]" started-at="2026-04-19T22:22:56 IST" name="beforeTest" finished-at="2026-04-19T22:22:58 IST" duration-ms="2568" status="PASS">
          <reporter-output>
          </reporter-output>
        </test-method> <!-- beforeTest -->
        <test-method signature="validation()[pri:0, instance:com.test.softassert_demo@48f2bd5b]" started-at="2026-04-19T22:22:58 IST" name="validation" finished-at="2026-04-19T22:23:01 IST" duration-ms="3101" status="PASS">
          <reporter-output>
          </reporter-output>
        </test-method> <!-- validation -->
        <test-method is-config="true" signature="afterTest()[pri:0, instance:com.test.softassert_demo@48f2bd5b]" started-at="2026-04-19T22:23:01 IST" name="afterTest" finished-at="2026-04-19T22:23:02 IST" duration-ms="330" status="PASS">
          <reporter-output>
          </reporter-output>
        </test-method> <!-- afterTest -->
      </class> <!-- com.test.softassert_demo -->
    </test> <!-- Default test -->
  </suite> <!-- Default suite -->
</testng-results>
