<?xml version="1.0" encoding="UTF-8"?>
<!-- Generated by org.testng.reporters.JUnitXMLReporter -->
<testsuite ignored="2" hostname="LAPTOP-NCP214AU" failures="0" tests="3" name="Test" time="10.703" errors="0" timestamp="2026-04-17T12:31:09 IST">
  <testcase classname="com.test.groupdemo" name="login" time="1.921"/>
  <testcase classname="com.test.groupdemo" name="logininvalid" time="0.652"/>
  <testcase classname="com.test.groupdemo" name="logininvalid2" time="0.637"/>
  <testcase classname="com.test.NewTest" name="login" time="0.0">
    <ignored/>
  </testcase> <!-- login -->
  <testcase classname="com.test.groupdemo" name="demo" time="0.0">
    <ignored/>
  </testcase> <!-- demo -->
</testsuite> <!-- Test -->
