<?xml version="1.0" encoding="UTF-8"?>
<!-- Generated by org.testng.reporters.JUnitReportReporter -->
<testsuite hostname="LAPTOP-NCP214AU" failures="0" tests="3" name="com.test.Dataproviderdemo2" time="8.611" errors="0" timestamp="2026-04-20T15:06:09 IST" skipped="0">
  <testcase classname="com.test.Dataproviderdemo2" name="search" time="2.986"/>
  <testcase classname="com.test.Dataproviderdemo2" name="search" time="3.669"/>
  <testcase classname="com.test.Dataproviderdemo2" name="search" time="1.956"/>
</testsuite> <!-- com.test.Dataproviderdemo2 -->
