<?xml version="1.0" encoding="UTF-8"?>
<!-- Generated by org.testng.reporters.JUnitReportReporter -->
<testsuite hostname="LAPTOP-NCP214AU" failures="0" tests="3" name="com.test.softassert_demo" time="21.168" errors="0" timestamp="2026-04-19T22:23:02 IST" skipped="0">
  <testcase classname="com.test.softassert_demo" name="invalidusername" time="5.264"/>
  <testcase classname="com.test.softassert_demo" name="invalidpassword" time="9.905"/>
  <testcase classname="com.test.softassert_demo" name="validation" time="5.999"/>
</testsuite> <!-- com.test.softassert_demo -->
