<?xml version="1.0" encoding="UTF-8"?>
<!-- Generated by org.testng.reporters.JUnitReportReporter -->
<testsuite hostname="LAPTOP-NCP214AU" failures="0" tests="3" name="com.test.priority_enable_ignore" time="7.308" errors="0" timestamp="2026-04-20T11:53:10 IST" skipped="2">
  <testcase classname="com.test.priority_enable_ignore" name="login" time="7.308"/>
  <testcase classname="com.test.priority_enable_ignore" name="logininvalid">
    <skipped/>
  </testcase> <!-- logininvalid -->
  <testcase classname="com.test.priority_enable_ignore" name="logininvalid2">
    <skipped/>
  </testcase> <!-- logininvalid2 -->
</testsuite> <!-- com.test.priority_enable_ignore -->
