<?xml version="1.0" encoding="UTF-8"?>
<!-- Generated by org.testng.reporters.JUnitReportReporter -->
<testsuite hostname="LAPTOP-NCP214AU" failures="0" tests="3" name="com.test.DataproviderParalleldemo" time="11.598" errors="0" timestamp="2026-04-20T15:32:17 IST" skipped="0">
  <testcase classname="com.test.DataproviderParalleldemo" name="search" time="3.616"/>
  <testcase classname="com.test.DataproviderParalleldemo" name="search" time="4.372"/>
  <testcase classname="com.test.DataproviderParalleldemo" name="search" time="3.610"/>
</testsuite> <!-- com.test.DataproviderParalleldemo -->
