<?xml version="1.0" encoding="UTF-8"?>
<!-- Generated by org.testng.reporters.JUnitReportReporter -->
<testsuite hostname="LAPTOP-NCP214AU" failures="0" tests="3" name="com.test.adding_assertions_demoblaze" time="16.160" errors="0" timestamp="2026-04-17T16:25:47 IST" skipped="0">
  <testcase classname="com.test.adding_assertions_demoblaze" name="invalidusername" time="5.177"/>
  <testcase classname="com.test.adding_assertions_demoblaze" name="validation" time="5.695"/>
  <testcase classname="com.test.adding_assertions_demoblaze" name="invalidpassword" time="5.288"/>
</testsuite> <!-- com.test.adding_assertions_demoblaze -->
