<?xml version="1.0" encoding="UTF-8"?>
<!-- Generated by org.testng.reporters.JUnitReportReporter -->
<testsuite hostname="LAPTOP-NCP214AU" failures="0" tests="3" name="com.test.softassert_demo" time="18.982" errors="0" timestamp="2026-04-19T21:56:20 IST" skipped="0">
  <testcase classname="com.test.softassert_demo" name="logininvalid1" time="7.381"/>
  <testcase classname="com.test.softassert_demo" name="validation" time="6.994"/>
  <testcase classname="com.test.softassert_demo" name="logininvalid2" time="4.607"/>
</testsuite> <!-- com.test.softassert_demo -->
