<?xml version="1.0" encoding="UTF-8"?>
<!-- Generated by org.testng.reporters.JUnitReportReporter -->
<testsuite hostname="LAPTOP-NCP214AU" failures="0" tests="3" name="com.test.groupdemo" time="10.620" errors="0" timestamp="2026-04-17T12:31:10 IST" skipped="0">
  <testcase classname="com.test.groupdemo" name="login" time="4.370"/>
  <testcase classname="com.test.groupdemo" name="logininvalid" time="3.367"/>
  <testcase classname="com.test.groupdemo" name="logininvalid2" time="2.883"/>
</testsuite> <!-- com.test.groupdemo -->
