<?xml version="1.0" encoding="UTF-8"?>
<!-- Generated by org.testng.reporters.JUnitReportReporter -->
<testsuite hostname="LAPTOP-NCP214AU" failures="0" tests="2" name="com.test.demoblazeDataprovider" time="17.517" errors="0" timestamp="2026-04-22T06:48:00 IST" skipped="0">
  <testcase classname="com.test.demoblazeDataprovider" name="invalidLoginTest" time="8.025"/>
  <testcase classname="com.test.demoblazeDataprovider" name="validLoginTest" time="9.492"/>
</testsuite> <!-- com.test.demoblazeDataprovider -->
