<?xml version="1.0" encoding="UTF-8"?>
<!-- Generated by org.testng.reporters.JUnitReportReporter -->
<testsuite hostname="LAPTOP-NCP214AU" failures="0" tests="3" name="com.test.parameterdemoblaze" time="13.443" errors="0" timestamp="2026-04-20T15:49:25 IST" skipped="0">
  <testcase classname="com.test.parameterdemoblaze" name="invalidpassword" time="6.238"/>
  <testcase classname="com.test.parameterdemoblaze" name="invalidusername" time="4.085"/>
  <testcase classname="com.test.parameterdemoblaze" name="validation" time="3.120"/>
</testsuite> <!-- com.test.parameterdemoblaze -->
