<?xml version="1.0" encoding="UTF-8"?>
<!-- Generated by org.testng.reporters.JUnitReportReporter -->
<testsuite hostname="LAPTOP-NCP214AU" failures="0" tests="3" name="com.test.adding_assertions_demoblaze" time="40.991" errors="0" timestamp="2026-04-19T22:14:34 IST" skipped="0">
  <testcase classname="com.test.adding_assertions_demoblaze" name="invalidusername" time="4.934"/>
  <testcase classname="com.test.adding_assertions_demoblaze" name="validation" time="26.893"/>
  <testcase classname="com.test.adding_assertions_demoblaze" name="invalidpassword" time="9.164"/>
</testsuite> <!-- com.test.adding_assertions_demoblaze -->
