<?xml version="1.0" encoding="UTF-8"?>
<!-- Generated by org.testng.reporters.JUnitXMLReporter -->
<testsuite ignored="0" hostname="LAPTOP-NCP214AU" failures="0" tests="3" name="Default test" time="21.257" errors="0" timestamp="2026-04-19T22:23:02 IST">
  <testcase classname="com.test.softassert_demo" name="invalidpassword" time="1.788"/>
  <testcase classname="com.test.softassert_demo" name="invalidusername" time="1.7"/>
  <testcase classname="com.test.softassert_demo" name="validation" time="3.101"/>
</testsuite> <!-- Default test -->
