<?xml version="1.0" encoding="UTF-8"?>
<!-- Generated by org.testng.reporters.JUnitXMLReporter -->
<testsuite ignored="0" hostname="LAPTOP-NCP214AU" failures="0" tests="3" name="Default test" time="19.084" errors="0" timestamp="2026-04-19T21:56:20 IST">
  <testcase classname="com.test.softassert_demo" name="logininvalid1" time="1.104"/>
  <testcase classname="com.test.softassert_demo" name="logininvalid2" time="1.838"/>
  <testcase classname="com.test.softassert_demo" name="validation" time="4.002"/>
</testsuite> <!-- Default test -->
